
 Γ¢à∩╕Å wrangler 4.72.0
ΓöÇΓöÇΓöÇΓöÇΓöÇΓöÇΓöÇΓöÇΓöÇΓöÇΓöÇΓöÇΓöÇΓöÇΓöÇΓöÇΓöÇΓöÇΓöÇ

node.exe : [31mX [41;31m[[
41;97mERROR[41;31m][0m 
[1mThis command cannot be 
run in a non-interactive 
context[0m
At line:1 char:1
+ & "C:\Program 
Files\nodejs/node.exe" "C:\Us
ers\tanma\AppData\Roaming\ 
...
+ ~~~~~~~~~~~~~~~~~~~~~~~~~~~
~~~~~~~~~~~~~~~~~~~~~~~~~~~~~
~~~~~~~~~~~~~
    + CategoryInfo           
   : NotSpecifi    ed: 
([31mX [41;3    1m...ive 
context[    0m:String) [], 
Rem    oteException
    + FullyQualifiedEr    
rorId : NativeComm    
andError
 


≡ƒ¬╡  Logs were written to "C
:\Users\tanma\AppData\Roaming
\xdg.config\.wrangler\logs\wr
angler-2026-03-11_19-31-36_60
2.log"
